# JRE version: OpenJDK Runtime Environment (8.0_152-b01) (build 1.8.0_152-release-1343-b01)
# Java VM: OpenJDK 64-Bit Server VM (25.152-b01 mixed mode bsd-amd64 compressed oops)
Heap:
 PSYoungGen      total 389632K, used 134626K [0x00000007a0000000, 0x00000007c0000000, 0x00000007c0000000)
  eden space 254976K, 0% used [0x00000007a0000000,0x00000007a0000000,0x00000007af900000)
  from space 134656K, 99% used [0x00000007af900000,0x00000007b7c78920,0x00000007b7c80000)
  to   space 134656K, 0% used [0x00000007b7c80000,0x00000007b7c80000,0x00000007c0000000)
 ParOldGen       total 251392K, used 220485K [0x0000000760000000, 0x000000076f580000, 0x00000007a0000000)
  object space 251392K, 87% used [0x0000000760000000,0x000000076d751410,0x000000076f580000)
 Metaspace       used 152273K, capacity 162488K, committed 162624K, reserved 1191936K
  class space    used 19090K, capacity 20756K, committed 20864K, reserved 1048576K
GC Heap History (10 events):
Event: 15345.851 GC heap after
Heap after GC invocations=66 (full 7):
 PSYoungGen      total 445952K, used 78305K [0x00000007a0000000, 0x00000007c0000000, 0x00000007c0000000)
  eden space 367616K, 0% used [0x00000007a0000000,0x00000007a0000000,0x00000007b6700000)
  from space 78336K, 99% used [0x00000007b6700000,0x00000007bb378408,0x00000007bb380000)
  to   space 78336K, 0% used [0x00000007bb380000,0x00000007bb380000,0x00000007c0000000)
 ParOldGen       total 251392K, used 159636K [0x0000000760000000, 0x000000076f580000, 0x00000007a0000000)
  object space 251392K, 63% used [0x0000000760000000,0x0000000769be5310,0x000000076f580000)
 Metaspace       used 151141K, capacity 161238K, committed 161344K, reserved 1189888K
  class space    used 19000K, capacity 20594K, committed 20608K, reserved 1048576K
}
Event: 15349.681 GC heap before
{Heap before GC invocations=67 (full 7):
 PSYoungGen      total 445952K, used 445921K [0x00000007a0000000, 0x00000007c0000000, 0x00000007c0000000)
  eden space 367616K, 100% used [0x00000007a0000000,0x00000007b6700000,0x00000007b6700000)
  from space 78336K, 99% used [0x00000007b6700000,0x00000007bb378408,0x00000007bb380000)
  to   space 78336K, 0% used [0x00000007bb380000,0x00000007bb380000,0x00000007c0000000)
 ParOldGen       total 251392K, used 159636K [0x0000000760000000, 0x000000076f580000, 0x00000007a0000000)
  object space 251392K, 63% used [0x0000000760000000,0x0000000769be5310,0x000000076f580000)
 Metaspace       used 151875K, capacity 161972K, committed 162240K, reserved 1191936K
  class space    used 19033K, capacity 20663K, committed 20736K, reserved 1048576K
Event: 15349.814 GC heap after
Heap after GC invocations=67 (full 7):
 PSYoungGen      total 361984K, used 78323K [0x00000007a0000000, 0x00000007c0000000, 0x00000007c0000000)
  eden space 283648K, 0% used [0x00000007a0000000,0x00000007a0000000,0x00000007b1500000)
  from space 78336K, 99% used [0x00000007bb380000,0x00000007bfffccd8,0x00000007c0000000)
  to   space 120320K, 0% used [0x00000007b1500000,0x00000007b1500000,0x00000007b8a80000)
 ParOldGen       total 251392K, used 172229K [0x0000000760000000, 0x000000076f580000, 0x00000007a0000000)
  object space 251392K, 68% used [0x0000000760000000,0x000000076a831690,0x000000076f580000)
 Metaspace       used 151875K, capacity 161972K, committed 162240K, reserved 1191936K
  class space    used 19033K, capacity 20663K, committed 20736K, reserved 1048576K
}
Event: 15350.438 GC heap before
{Heap before GC invocations=68 (full 7):
 PSYoungGen      total 361984K, used 361971K [0x00000007a0000000, 0x00000007c0000000, 0x00000007c0000000)
  eden space 283648K, 100% used [0x00000007a0000000,0x00000007b1500000,0x00000007b1500000)
  from space 78336K, 99% used [0x00000007bb380000,0x00000007bfffccd8,0x00000007c0000000)
  to   space 120320K, 0% used [0x00000007b1500000,0x00000007b1500000,0x00000007b8a80000)
 ParOldGen       total 251392K, used 172229K [0x0000000760000000, 0x000000076f580000, 0x00000007a0000000)
  object space 251392K, 68% used [0x0000000760000000,0x000000076a831690,0x000000076f580000)
 Metaspace       used 151883K, capacity 161980K, committed 162240K, reserved 1191936K
  class space    used 19033K, capacity 20663K, committed 20736K, reserved 1048576K
Event: 15350.541 GC heap after
Heap after GC invocations=68 (full 7):
 PSYoungGen      total 373248K, used 89368K [0x00000007a0000000, 0x00000007c0000000, 0x00000007c0000000)
  eden space 283648K, 0% used [0x00000007a0000000,0x00000007a0000000,0x00000007b1500000)
  from space 89600K, 99% used [0x00000007b1500000,0x00000007b6c462a0,0x00000007b6c80000)
  to   space 128000K, 0% used [0x00000007b8300000,0x00000007b8300000,0x00000007c0000000)
 ParOldGen       total 251392K, used 172229K [0x0000000760000000, 0x000000076f580000, 0x00000007a0000000)
  object space 251392K, 68% used [0x0000000760000000,0x000000076a831690,0x000000076f580000)
 Metaspace       used 151883K, capacity 161980K, committed 162240K, reserved 1191936K
  class space    used 19033K, capacity 20663K, committed 20736K, reserved 1048576K
}
Event: 15352.351 GC heap before
{Heap before GC invocations=69 (full 7):
 PSYoungGen      total 373248K, used 373016K [0x00000007a0000000, 0x00000007c0000000, 0x00000007c0000000)
  eden space 283648K, 100% used [0x00000007a0000000,0x00000007b1500000,0x00000007b1500000)
  from space 89600K, 99% used [0x00000007b1500000,0x00000007b6c462a0,0x00000007b6c80000)
  to   space 128000K, 0% used [0x00000007b8300000,0x00000007b8300000,0x00000007c0000000)
 ParOldGen       total 251392K, used 172229K [0x0000000760000000, 0x000000076f580000, 0x00000007a0000000)
  object space 251392K, 68% used [0x0000000760000000,0x000000076a831690,0x000000076f580000)
 Metaspace       used 152203K, capacity 162358K, committed 162496K, reserved 1191936K
  class space    used 19084K, capacity 20717K, committed 20736K, reserved 1048576K
Event: 15352.450 GC heap after
Heap after GC invocations=69 (full 7):
 PSYoungGen      total 382976K, used 91914K [0x00000007a0000000, 0x00000007c0000000, 0x00000007c0000000)
  eden space 254976K, 0% used [0x00000007a0000000,0x00000007a0000000,0x00000007af900000)
  from space 128000K, 71% used [0x00000007b8300000,0x00000007bdcc29d8,0x00000007c0000000)
  to   space 134656K, 0% used [0x00000007af900000,0x00000007af900000,0x00000007b7c80000)
 ParOldGen       total 251392K, used 172349K [0x0000000760000000, 0x000000076f580000, 0x00000007a0000000)
  object space 251392K, 68% used [0x0000000760000000,0x000000076a84f690,0x000000076f580000)
 Metaspace       used 152203K, capacity 162358K, committed 162496K, reserved 1191936K
  class space    used 19084K, capacity 20717K, committed 20736K, reserved 1048576K
}
Event: 15353.431 GC heap before
{Heap before GC invocations=70 (full 7):
 PSYoungGen      total 382976K, used 346890K [0x00000007a0000000, 0x00000007c0000000, 0x00000007c0000000)
  eden space 254976K, 100% used [0x00000007a0000000,0x00000007af900000,0x00000007af900000)
  from space 128000K, 71% used [0x00000007b8300000,0x00000007bdcc29d8,0x00000007c0000000)
  to   space 134656K, 0% used [0x00000007af900000,0x00000007af900000,0x00000007b7c80000)
 ParOldGen       total 251392K, used 172349K [0x0000000760000000, 0x000000076f580000, 0x00000007a0000000)
  object space 251392K, 68% used [0x0000000760000000,0x000000076a84f690,0x000000076f580000)
 Metaspace       used 152273K, capacity 162488K, committed 162624K, reserved 1191936K
  class space    used 19090K, capacity 20756K, committed 20864K, reserved 1048576K
Event: 15353.662 GC heap after
Heap after GC invocations=70 (full 7):
 PSYoungGen      total 389632K, used 134626K [0x00000007a0000000, 0x00000007c0000000, 0x00000007c0000000)
  eden space 254976K, 0% used [0x00000007a0000000,0x00000007a0000000,0x00000007af900000)
  from space 134656K, 99% used [0x00000007af900000,0x00000007b7c78920,0x00000007b7c80000)
  to   space 134656K, 0% used [0x00000007b7c80000,0x00000007b7c80000,0x00000007c0000000)
 ParOldGen       total 251392K, used 220485K [0x0000000760000000, 0x000000076f580000, 0x00000007a0000000)
  object space 251392K, 87% used [0x0000000760000000,0x000000076d751410,0x000000076f580000)
 Metaspace       used 152273K, capacity 162488K, committed 162624K, reserved 1191936K
  class space    used 19090K, capacity 20756K, committed 20864K, reserved 1048576K
}
Event: 15353.662 GC heap before
{Heap before GC invocations=71 (full 8):
 PSYoungGen      total 389632K, used 134626K [0x00000007a0000000, 0x00000007c0000000, 0x00000007c0000000)
  eden space 254976K, 0% used [0x00000007a0000000,0x00000007a0000000,0x00000007af900000)
  from space 134656K, 99% used [0x00000007af900000,0x00000007b7c78920,0x00000007b7c80000)
  to   space 134656K, 0% used [0x00000007b7c80000,0x00000007b7c80000,0x00000007c0000000)
 ParOldGen       total 251392K, used 220485K [0x0000000760000000, 0x000000076f580000, 0x00000007a0000000)
  object space 251392K, 87% used [0x0000000760000000,0x000000076d751410,0x000000076f580000)
 Metaspace       used 152273K, capacity 162488K, committed 162624K, reserved 1191936K
  class space    used 19090K, capacity 20756K, committed 20864K, reserved 1048576K

